<?xml version="1.0" encoding="UTF-8"?>
<!-- Generated by org.testng.reporters.JUnitReportReporter -->
<testsuite hostname="LAPTOP-9SRLIHID" failures="0" tests="1" name="com.RestAssuredProject.TestScripts.PartialUpdateBookingTest" time="4.581" errors="0" timestamp="2025-04-20T09:27:32 IST" skipped="0">
  <testcase classname="com.RestAssuredProject.TestScripts.PartialUpdateBookingTest" name="partialUpldateBookingTest" time="4.581"/>
</testsuite> <!-- com.RestAssuredProject.TestScripts.PartialUpdateBookingTest -->
