<?xml version="1.0" encoding="UTF-8"?>
<!-- Generated by org.testng.reporters.JUnitReportReporter -->
<testsuite hostname="LAPTOP-9SRLIHID" failures="0" tests="1" name="com.Thinksys.restfulbooker.DeleteBooking" time="6.528" errors="0" timestamp="2025-04-20T01:06:30 IST" skipped="0">
  <testcase classname="com.Thinksys.restfulbooker.DeleteBooking" name="deleteBookingTest" time="6.528"/>
</testsuite> <!-- com.Thinksys.restfulbooker.DeleteBooking -->
