<?xml version="1.0" encoding="UTF-8"?>
<!-- Generated by org.testng.reporters.JUnitReportReporter -->
<testsuite hostname="LAPTOP-9SRLIHID" failures="0" tests="2" name="com.RestAssuredProject.TestScripts.CreateBookingsTest" time="3.940" errors="0" timestamp="2025-04-20T09:27:32 IST" skipped="1">
  <testcase classname="com.RestAssuredProject.TestScripts.CreateBookingsTest" name="createBookingPOJOTest" time="3.940"/>
  <testcase classname="com.RestAssuredProject.TestScripts.CreateBookingsTest" name="createBookingTest">
    <skipped/>
  </testcase> <!-- createBookingTest -->
</testsuite> <!-- com.RestAssuredProject.TestScripts.CreateBookingsTest -->
