<?xml version="1.0" encoding="UTF-8"?>
<!-- Generated by org.testng.reporters.JUnitReportReporter -->
<testsuite hostname="LAPTOP-9SRLIHID" failures="0" tests="2" name="com.Thinksys.restfulbooker.HealthCheckTest" time="17.587" errors="0" timestamp="2025-04-20T09:18:19 IST" skipped="0">
  <testcase classname="com.Thinksys.restfulbooker.HealthCheckTest" name="healthCheckTest" time="1.913"/>
  <testcase classname="com.Thinksys.restfulbooker.HealthCheckTest" name="headersAndCookiesTest" time="15.674"/>
</testsuite> <!-- com.Thinksys.restfulbooker.HealthCheckTest -->
