<?xml version="1.0" encoding="UTF-8"?>
<!-- Generated by org.testng.reporters.JUnitReportReporter -->
<testsuite hostname="LAPTOP-9SRLIHID" failures="0" tests="1" name="com.Thinksys.restfulbooker.GetBookingsTest" time="3.717" errors="0" timestamp="2025-04-19T21:05:00 IST" skipped="0">
  <testcase classname="com.Thinksys.restfulbooker.GetBookingsTest" name="getBookingIdsWithFilter" time="3.717"/>
</testsuite> <!-- com.Thinksys.restfulbooker.GetBookingsTest -->
