<?xml version="1.0" encoding="UTF-8"?>
<!-- Generated by org.testng.reporters.JUnitReportReporter -->
<testsuite hostname="LAPTOP-9SRLIHID" failures="0" tests="2" name="com.Thinksys.restfulbooker.GetBookingsTest" time="3.685" errors="0" timestamp="2025-04-20T09:18:19 IST" skipped="0">
  <testcase classname="com.Thinksys.restfulbooker.GetBookingsTest" name="getAllBookingIds" time="1.840"/>
  <testcase classname="com.Thinksys.restfulbooker.GetBookingsTest" name="getBookingIdsWithFilter" time="1.845"/>
</testsuite> <!-- com.Thinksys.restfulbooker.GetBookingsTest -->
