<?xml version="1.0" encoding="UTF-8"?>
<!-- Generated by org.testng.reporters.JUnitReportReporter -->
<testsuite hostname="LAPTOP-9SRLIHID" failures="0" tests="1" name="com.Thinksys.restfulbooker.HealthCheck" time="3.183" errors="0" timestamp="2025-04-18T23:30:51 IST" skipped="0">
  <testcase classname="com.Thinksys.restfulbooker.HealthCheck" name="healthCheckTest" time="3.183"/>
</testsuite> <!-- com.Thinksys.restfulbooker.HealthCheck -->
