<?xml version="1.0" encoding="UTF-8"?>
<!-- Generated by org.testng.reporters.JUnitReportReporter -->
<testsuite hostname="LAPTOP-9SRLIHID" failures="0" tests="1" name="com.Thinksys.restfulbooker.GetBookingsByIdTest" time="5.425" errors="0" timestamp="2025-04-19T21:46:08 IST" skipped="0">
  <testcase classname="com.Thinksys.restfulbooker.GetBookingsByIdTest" name="getBookingsXMLById" time="5.425"/>
</testsuite> <!-- com.Thinksys.restfulbooker.GetBookingsByIdTest -->
