<?xml version="1.0" encoding="UTF-8"?>
<!-- Generated by org.testng.reporters.JUnitReportReporter -->
<testsuite hostname="LAPTOP-9SRLIHID" failures="0" tests="1" name="com.Thinksys.restfulbooker.UpdateBookingTest" time="6.937" errors="0" timestamp="2025-04-20T09:18:19 IST" skipped="0">
  <testcase classname="com.Thinksys.restfulbooker.UpdateBookingTest" name="updateBookingTest" time="6.937"/>
</testsuite> <!-- com.Thinksys.restfulbooker.UpdateBookingTest -->
