<?xml version="1.0" encoding="UTF-8"?>
<!-- Generated by org.testng.reporters.JUnitReportReporter -->
<testsuite hostname="LAPTOP-9SRLIHID" failures="0" tests="2" name="com.Thinksys.restfulbooker.GetBookingsByIdTest" time="7.851" errors="0" timestamp="2025-04-20T09:18:19 IST" skipped="0">
  <testcase classname="com.Thinksys.restfulbooker.GetBookingsByIdTest" name="getBookingsById" time="3.811"/>
  <testcase classname="com.Thinksys.restfulbooker.GetBookingsByIdTest" name="getBookingsXMLById" time="4.040"/>
</testsuite> <!-- com.Thinksys.restfulbooker.GetBookingsByIdTest -->
