<?xml version="1.0" encoding="UTF-8"?>
<!-- Generated by org.testng.reporters.JUnitReportReporter -->
<testsuite hostname="LAPTOP-9SRLIHID" failures="0" tests="2" name="com.RestAssuredProject.TestScripts.GetBookingsByIdTest" time="6.115" errors="0" timestamp="2025-04-20T09:27:32 IST" skipped="0">
  <testcase classname="com.RestAssuredProject.TestScripts.GetBookingsByIdTest" name="getBookingsXMLById" time="3.042"/>
  <testcase classname="com.RestAssuredProject.TestScripts.GetBookingsByIdTest" name="getBookingsById" time="3.073"/>
</testsuite> <!-- com.RestAssuredProject.TestScripts.GetBookingsByIdTest -->
