<?xml version="1.0" encoding="UTF-8"?>
<!-- Generated by org.testng.reporters.JUnitReportReporter -->
<testsuite hostname="LAPTOP-9SRLIHID" failures="0" tests="1" name="com.Thinksys.restfulbooker.HealthCheckTest" time="2.942" errors="0" timestamp="2025-04-19T21:32:39 IST" skipped="0">
  <testcase classname="com.Thinksys.restfulbooker.HealthCheckTest" name="headersAndCookiesTest" time="2.942"/>
</testsuite> <!-- com.Thinksys.restfulbooker.HealthCheckTest -->
