<?xml version="1.0" encoding="UTF-8"?>
<!-- Generated by org.testng.reporters.JUnitReportReporter -->
<testsuite hostname="LAPTOP-9SRLIHID" failures="0" tests="2" name="com.RestAssuredProject.TestScripts.HealthCheckTest" time="3.322" errors="0" timestamp="2025-04-20T09:27:32 IST" skipped="0">
  <testcase classname="com.RestAssuredProject.TestScripts.HealthCheckTest" name="headersAndCookiesTest" time="1.612"/>
  <testcase classname="com.RestAssuredProject.TestScripts.HealthCheckTest" name="healthCheckTest" time="1.710"/>
</testsuite> <!-- com.RestAssuredProject.TestScripts.HealthCheckTest -->
