<?xml version="1.0" encoding="UTF-8"?>
<!-- Generated by org.testng.reporters.JUnitReportReporter -->
<testsuite hostname="LAPTOP-9SRLIHID" failures="0" tests="1" name="com.Thinksys.restfulbooker.UpdateBookingTest" time="2.921" errors="0" timestamp="2025-04-19T20:48:13 IST" skipped="0">
  <testcase classname="com.Thinksys.restfulbooker.UpdateBookingTest" name="updateBookingTest" time="2.921"/>
</testsuite> <!-- com.Thinksys.restfulbooker.UpdateBookingTest -->
