<?xml version="1.0" encoding="UTF-8"?>
<!-- Generated by org.testng.reporters.JUnitReportReporter -->
<testsuite hostname="LAPTOP-9SRLIHID" failures="0" tests="1" name="com.Thinksys.restfulbooker.GetBookingsById" time="1.564" errors="0" timestamp="2025-04-19T00:27:02 IST" skipped="0">
  <testcase classname="com.Thinksys.restfulbooker.GetBookingsById" name="getBookingsById" time="1.564"/>
</testsuite> <!-- com.Thinksys.restfulbooker.GetBookingsById -->
