<?xml version="1.0" encoding="UTF-8"?>
<!-- Generated by org.testng.reporters.JUnitReportReporter -->
<testsuite hostname="LAPTOP-9SRLIHID" failures="0" tests="2" name="com.Thinksys.restfulbooker.CreateBookingsTest" time="3.694" errors="0" timestamp="2025-04-20T00:55:22 IST" skipped="1">
  <testcase classname="com.Thinksys.restfulbooker.CreateBookingsTest" name="createBookingPOJOTest" time="3.694"/>
  <testcase classname="com.Thinksys.restfulbooker.CreateBookingsTest" name="createBookingTest">
    <skipped/>
  </testcase> <!-- createBookingTest -->
</testsuite> <!-- com.Thinksys.restfulbooker.CreateBookingsTest -->
